{"numTotalTestSuites":20,"numPassedTestSuites":20,"numFailedTestSuites":0,"numPendingTestSuites":0,"numTotalTests":25,"numPassedTests":25,"numFailedTests":0,"numPendingTests":0,"numTodoTests":0,"snapshot":{"added":0,"failure":false,"filesAdded":0,"filesRemoved":0,"filesRemovedList":[],"filesUnmatched":0,"filesUpdated":0,"matched":0,"total":0,"unchecked":0,"uncheckedKeysByFile":[],"unmatched":0,"updated":0,"didUpdate":false},"startTime":1770422579223,"success":true,"testResults":[{"assertionResults":[{"ancestorTitles":["Example Tests - Testing Infrastructure Demo","Unit Test Example"],"fullName":"Example Tests - Testing Infrastructure Demo Unit Test Example should create a mock post with default values","status":"passed","title":"should create a mock post with default values","duration":3.5681419999998525,"failureMessages":[],"meta":{}},{"ancestorTitles":["Example Tests - Testing Infrastructure Demo","Unit Test Example"],"fullName":"Example Tests - Testing Infrastructure Demo Unit Test Example should create a mock post with custom values","status":"passed","title":"should create a mock post with custom values","duration":0.5621300000000247,"failureMessages":[],"meta":{}},{"ancestorTitles":["Example Tests - Testing Infrastructure Demo","Property-Based Test Example"],"fullName":"Example Tests - Testing Infrastructure Demo Property-Based Test Example should verify that all generated posts have required fields","status":"passed","title":"should verify that all generated posts have required fields","duration":1143.4591750000002,"failureMessages":[],"meta":{}},{"ancestorTitles":["Example Tests - Testing Infrastructure Demo","Property-Based Test Example"],"fullName":"Example Tests - Testing Infrastructure Demo Property-Based Test Example should verify that post content length is always within limits","status":"passed","title":"should verify that post content length is always within limits","duration":28.189448000000084,"failureMessages":[],"meta":{}},{"ancestorTitles":["Example Tests - Testing Infrastructure Demo","Property-Based Test Example"],"fullName":"Example Tests - Testing Infrastructure Demo Property-Based Test Example should verify that engagement metrics are non-negative","status":"passed","title":"should verify that engagement metrics are non-negative","duration":32.69187499999998,"failureMessages":[],"meta":{}}],"startTime":1770422580948,"endTime":1770422582157.692,"status":"passed","message":"","name":"/home/chris/code/chris-portfolio/src/utils/test/example.test.ts"},{"assertionResults":[{"ancestorTitles":["Test Generators","arbitraryAuthor"],"fullName":"Test Generators arbitraryAuthor should generate valid Author objects","status":"passed","title":"should generate valid Author objects","duration":1189.200706,"failureMessages":[],"meta":{}},{"ancestorTitles":["Test Generators","arbitraryEngagement"],"fullName":"Test Generators arbitraryEngagement should generate valid Engagement objects","status":"passed","title":"should generate valid Engagement objects","duration":46.24433200000021,"failureMessages":[],"meta":{}},{"ancestorTitles":["Test Generators","arbitraryPost"],"fullName":"Test Generators arbitraryPost should generate valid Post objects","status":"passed","title":"should generate valid Post objects","duration":55.53565200000003,"failureMessages":[],"meta":{}},{"ancestorTitles":["Test Generators","arbitraryPostsWithSharedAuthors"],"fullName":"Test Generators arbitraryPostsWithSharedAuthors should generate posts with shared authors","status":"passed","title":"should generate posts with shared authors","duration":52.800126999999975,"failureMessages":[],"meta":{}},{"ancestorTitles":["Test Generators","arbitraryPostsWithUniqueIds"],"fullName":"Test Generators arbitraryPostsWithUniqueIds should generate posts with unique IDs","status":"passed","title":"should generate posts with unique IDs","duration":35.067587,"failureMessages":[],"meta":{}}],"startTime":1770422580942,"endTime":1770422582322.0676,"status":"passed","message":"","name":"/home/chris/code/chris-portfolio/src/utils/test/generators.test.ts"},{"assertionResults":[{"ancestorTitles":["Test Helpers","createMockAuthor"],"fullName":"Test Helpers createMockAuthor should create a default mock author","status":"passed","title":"should create a default mock author","duration":2.624870000000101,"failureMessages":[],"meta":{}},{"ancestorTitles":["Test Helpers","createMockAuthor"],"fullName":"Test Helpers createMockAuthor should allow overriding default values","status":"passed","title":"should allow overriding default values","duration":0.40544199999999364,"failureMessages":[],"meta":{}},{"ancestorTitles":["Test Helpers","createMockPost"],"fullName":"Test Helpers createMockPost should create a default mock post","status":"passed","title":"should create a default mock post","duration":0.8656260000000202,"failureMessages":[],"meta":{}},{"ancestorTitles":["Test Helpers","createMockPost"],"fullName":"Test Helpers createMockPost should allow overriding default values","status":"passed","title":"should allow overriding default values","duration":0.6962610000000495,"failureMessages":[],"meta":{}},{"ancestorTitles":["Test Helpers","createMockPostsWithSameAuthor"],"fullName":"Test Helpers createMockPostsWithSameAuthor should create multiple posts with the same author","status":"passed","title":"should create multiple posts with the same author","duration":1.7724179999997887,"failureMessages":[],"meta":{}},{"ancestorTitles":["Test Helpers","createMockPostsWithSameAuthor"],"fullName":"Test Helpers createMockPostsWithSameAuthor should use custom author if provided","status":"passed","title":"should use custom author if provided","duration":0.6649380000001202,"failureMessages":[],"meta":{}},{"ancestorTitles":["Test Helpers","getSerializedSize"],"fullName":"Test Helpers getSerializedSize should calculate the size of serialized objects","status":"passed","title":"should calculate the size of serialized objects","duration":0.9869720000001507,"failureMessages":[],"meta":{}},{"ancestorTitles":["Test Helpers","getSerializedSize"],"fullName":"Test Helpers getSerializedSize should return larger size for larger objects","status":"passed","title":"should return larger size for larger objects","duration":0.537157999999863,"failureMessages":[],"meta":{}},{"ancestorTitles":["Test Helpers","deepEqualIgnoringDates"],"fullName":"Test Helpers deepEqualIgnoringDates should return true for identical objects","status":"passed","title":"should return true for identical objects","duration":0.7945569999999407,"failureMessages":[],"meta":{}},{"ancestorTitles":["Test Helpers","deepEqualIgnoringDates"],"fullName":"Test Helpers deepEqualIgnoringDates should return false for different objects","status":"passed","title":"should return false for different objects","duration":0.34458999999992557,"failureMessages":[],"meta":{}},{"ancestorTitles":["Test Helpers","deepEqualIgnoringDates"],"fullName":"Test Helpers deepEqualIgnoringDates should treat dates with same time as equal","status":"passed","title":"should treat dates with same time as equal","duration":0.5964670000000751,"failureMessages":[],"meta":{}},{"ancestorTitles":["Test Helpers","deepEqualIgnoringDates"],"fullName":"Test Helpers deepEqualIgnoringDates should handle nested objects","status":"passed","title":"should handle nested objects","duration":0.3675220000000081,"failureMessages":[],"meta":{}},{"ancestorTitles":["Test Helpers","measureExecutionTime"],"fullName":"Test Helpers measureExecutionTime should measure execution time of synchronous functions","status":"passed","title":"should measure execution time of synchronous functions","duration":0.6704940000001898,"failureMessages":[],"meta":{}},{"ancestorTitles":["Test Helpers","measureExecutionTime"],"fullName":"Test Helpers measureExecutionTime should measure execution time of async functions","status":"passed","title":"should measure execution time of async functions","duration":11.098615999999993,"failureMessages":[],"meta":{}},{"ancestorTitles":["Test Helpers","delay"],"fullName":"Test Helpers delay should delay execution by specified milliseconds","status":"passed","title":"should delay execution by specified milliseconds","duration":50.97088299999996,"failureMessages":[],"meta":{}}],"startTime":1770422580775,"endTime":1770422580850.971,"status":"passed","message":"","name":"/home/chris/code/chris-portfolio/src/utils/test/helpers.test.ts"}]}